<?xml version="1.0" encoding="UTF-8" standalone="no"?>
<!DOCTYPE report PUBLIC "-//JACOCO//DTD Report 1.1//EN" "report.dtd"[]>
<report name="Pester (09/26/2024 15:26:23)">
  <sessioninfo id="this" start="1727364382933" dump="1727364383372" />
  <package name="scope">
    <class name="scope/scope" sourcefilename="scope.psm1">
      <method name="Get-WAFResourceGroupsByList" desc="()" line="90">
        <counter type="INSTRUCTION" missed="0" covered="5" />
        <counter type="LINE" missed="0" covered="4" />
        <counter type="METHOD" missed="0" covered="1" />
      </method>
      <method name="Get-WAFSubscriptionsByList" desc="()" line="141">
        <counter type="INSTRUCTION" missed="0" covered="5" />
        <counter type="LINE" missed="0" covered="4" />
        <counter type="METHOD" missed="0" covered="1" />
      </method>
      <method name="Get-WAFResourcesByList" desc="()" line="194">
        <counter type="INSTRUCTION" missed="0" covered="4" />
        <counter type="LINE" missed="0" covered="4" />
        <counter type="METHOD" missed="0" covered="1" />
      </method>
      <method name="Get-WAFUnfilteredResourceList" desc="()" line="228">
        <counter type="INSTRUCTION" missed="4" covered="0" />
        <counter type="LINE" missed="2" covered="0" />
        <counter type="METHOD" missed="1" covered="0" />
      </method>
      <method name="Get-WAFImplicitSubscriptionId" desc="()" line="269">
        <counter type="INSTRUCTION" missed="0" covered="8" />
        <counter type="LINE" missed="0" covered="2" />
        <counter type="METHOD" missed="0" covered="1" />
      </method>
      <method name="Get-WAFFilteredResourceList" desc="()" line="316">
        <counter type="INSTRUCTION" missed="0" covered="11" />
        <counter type="LINE" missed="0" covered="5" />
        <counter type="METHOD" missed="0" covered="1" />
      </method>
      <counter type="INSTRUCTION" missed="4" covered="33" />
      <counter type="LINE" missed="2" covered="19" />
      <counter type="METHOD" missed="1" covered="5" />
      <counter type="CLASS" missed="0" covered="1" />
    </class>
    <sourcefile name="scope.psm1">
      <line nr="90" mi="0" ci="1" mb="0" cb="0" />
      <line nr="91" mi="0" ci="2" mb="0" cb="0" />
      <line nr="92" mi="0" ci="1" mb="0" cb="0" />
      <line nr="96" mi="0" ci="1" mb="0" cb="0" />
      <line nr="141" mi="0" ci="1" mb="0" cb="0" />
      <line nr="142" mi="0" ci="2" mb="0" cb="0" />
      <line nr="143" mi="0" ci="1" mb="0" cb="0" />
      <line nr="147" mi="0" ci="1" mb="0" cb="0" />
      <line nr="194" mi="0" ci="1" mb="0" cb="0" />
      <line nr="195" mi="0" ci="1" mb="0" cb="0" />
      <line nr="196" mi="0" ci="1" mb="0" cb="0" />
      <line nr="200" mi="0" ci="1" mb="0" cb="0" />
      <line nr="228" mi="3" ci="0" mb="0" cb="0" />
      <line nr="229" mi="1" ci="0" mb="0" cb="0" />
      <line nr="269" mi="0" ci="7" mb="0" cb="0" />
      <line nr="270" mi="0" ci="1" mb="0" cb="0" />
      <line nr="316" mi="0" ci="3" mb="0" cb="0" />
      <line nr="318" mi="0" ci="3" mb="0" cb="0" />
      <line nr="320" mi="0" ci="3" mb="0" cb="0" />
      <line nr="324" mi="0" ci="1" mb="0" cb="0" />
      <line nr="326" mi="0" ci="1" mb="0" cb="0" />
      <counter type="INSTRUCTION" missed="4" covered="33" />
      <counter type="LINE" missed="2" covered="19" />
      <counter type="METHOD" missed="1" covered="5" />
      <counter type="CLASS" missed="0" covered="1" />
    </sourcefile>
    <counter type="INSTRUCTION" missed="4" covered="33" />
    <counter type="LINE" missed="2" covered="19" />
    <counter type="METHOD" missed="1" covered="5" />
    <counter type="CLASS" missed="0" covered="1" />
  </package>
  <counter type="INSTRUCTION" missed="4" covered="33" />
  <counter type="LINE" missed="2" covered="19" />
  <counter type="METHOD" missed="1" covered="5" />
  <counter type="CLASS" missed="0" covered="1" />
</report>
